Copyright 1986-2022 Xilinx, Inc. All Rights Reserved. Copyright 2022-2023 Advanced Micro Devices, Inc. All Rights Reserved.
---------------------------------------------------------------------------------------------------------------------------------------------
| Tool Version : Vivado v.2023.2 (lin64) Build 4029153 Fri Oct 13 20:13:54 MDT 2023
| Date         : Thu Mar  6 14:08:24 2025
| Host         : BELSPC0022L running 64-bit Ubuntu 22.04.5 LTS
| Command      : report_control_sets -verbose -file ArtTop_control_sets_placed.rpt
| Design       : ArtTop
| Device       : xc7a35t
---------------------------------------------------------------------------------------------------------------------------------------------

Control Set Information

Table of Contents
-----------------
1. Summary
2. Histogram
3. Flip-Flop Distribution
4. Detailed Control Set Information

1. Summary
----------

+----------------------------------------------------------+-------+
|                          Status                          | Count |
+----------------------------------------------------------+-------+
| Total control sets                                       |     6 |
|    Minimum number of control sets                        |     6 |
|    Addition due to synthesis replication                 |     0 |
|    Addition due to physical synthesis replication        |     0 |
| Unused register locations in slices containing registers |    26 |
+----------------------------------------------------------+-------+
* Control sets can be merged at opt_design using control_set_merge or merge_equivalent_drivers
** Run report_qor_suggestions for automated merging and remapping suggestions


2. Histogram
------------

+--------------------+-------+
|       Fanout       | Count |
+--------------------+-------+
| Total control sets |     6 |
| >= 0 to < 4        |     0 |
| >= 4 to < 6        |     5 |
| >= 6 to < 8        |     0 |
| >= 8 to < 10       |     0 |
| >= 10 to < 12      |     0 |
| >= 12 to < 14      |     0 |
| >= 14 to < 16      |     0 |
| >= 16              |     1 |
+--------------------+-------+
* Control sets can be remapped at either synth_design or opt_design


3. Flip-Flop Distribution
-------------------------

+--------------+-----------------------+------------------------+-----------------+--------------+
| Clock Enable | Synchronous Set/Reset | Asynchronous Set/Reset | Total Registers | Total Slices |
+--------------+-----------------------+------------------------+-----------------+--------------+
| No           | No                    | No                     |               4 |            2 |
| No           | No                    | Yes                    |               0 |            0 |
| No           | Yes                   | No                     |              65 |           24 |
| Yes          | No                    | No                     |              12 |            6 |
| Yes          | No                    | Yes                    |               0 |            0 |
| Yes          | Yes                   | No                     |               5 |            2 |
+--------------+-----------------------+------------------------+-----------------+--------------+


4. Detailed Control Set Information
-----------------------------------

+-------------------------+------------------------------------+------------------+------------------+----------------+--------------+
|       Clock Signal      |            Enable Signal           | Set/Reset Signal | Slice Load Count | Bel Load Count | Bels / Slice |
+-------------------------+------------------------------------+------------------+------------------+----------------+--------------+
|  clkMod/slowclk/clk_out |                                    |                  |                2 |              4 |         2.00 |
|  clkMod/slowclk/clk_out | clkMod/slowclk/XLXI_39/CEO         |                  |                2 |              4 |         2.00 |
|  clkMod/slowclk/clk_out | clkMod/slowclk/XLXI_38/I_36_31_n_0 |                  |                2 |              4 |         2.00 |
|  clkMod/slowclk/clk_out | clkMod/slowclk/XLXI_40/CEO         |                  |                2 |              4 |         2.00 |
|  clkMod/slowclk/clk_out | clkMod/slowclk/XLXI_45/CEO         | btnC_IBUF        |                2 |              5 |         2.50 |
|  clkMod/slowclk/clk_out |                                    | btnC_IBUF        |               24 |             65 |         2.71 |
+-------------------------+------------------------------------+------------------+------------------+----------------+--------------+


